Arguments: 
  C:\Program Files\nodejs\node.exe C:\Users\Faheem\AppData\Roaming\npm\node_modules\yarn\bin\yarn.js add gulp

PATH: 
  C:\WINDOWS\system32;C:\WINDOWS;C:\WINDOWS\System32\Wbem;C:\WINDOWS\System32\WindowsPowerShell\v1.0\;C:\WINDOWS\System32\OpenSSH\;C:\Program Files\nodejs\;C:\Program Files\Git\cmd;C:\Program Files\Microsoft VS Code\bin;C:\xampp\php;C:\ProgramData\ComposerSetup\bin;C:\Ruby24-x64\bin;C:\Users\Faheem\AppData\Local\Microsoft\WindowsApps;C:\Users\Faheem\AppData\Roaming\npm;C:\Program Files\Microsoft VS Code\bin;C:\Users\Faheem\AppData\Roaming\Composer\vendor\bin

Yarn version: 
  1.16.0

Node version: 
  10.14.1

Platform: 
  win32 x64

Trace: 
  SyntaxError: C:\Users\Faheem\Desktop\#GulpDocs\package.json: Unexpected end of JSON input
      at JSON.parse (<anonymous>)
      at C:\Users\Faheem\AppData\Roaming\npm\node_modules\yarn\lib\cli.js:1625:59
      at Generator.next (<anonymous>)
      at step (C:\Users\Faheem\AppData\Roaming\npm\node_modules\yarn\lib\cli.js:304:30)
      at C:\Users\Faheem\AppData\Roaming\npm\node_modules\yarn\lib\cli.js:315:13

npm manifest: 
  

yarn manifest: 
  No manifest

Lockfile: 
  No lockfile
